<?xml version="1.0" encoding="utf-8" ?>

<chapter id="writing-tests-for-phpunit">
  <title>Writing Tests for PHPUnit</title>

  <para>
    <indexterm><primary>PHPUnit_Framework_TestCase</primary></indexterm>

    <xref linkend="writing-tests-for-phpunit.examples.StackTest.php" /> shows
    how we can write tests using PHPUnit that exercise PHP's array operations.
    The example introduces the basic conventions and steps for writing tests
    with PHPUnit:
  </para>

  <orderedlist>
    <listitem><para>The tests for a class <literal>Class</literal> go into a class <literal>ClassTest</literal>.</para></listitem>
    <listitem><para><literal>ClassTest</literal> inherits (most of the time) from <literal>PHPUnit_Framework_TestCase</literal>.</para></listitem>
    <listitem><indexterm><primary>Annotation</primary></indexterm><indexterm><primary>@test</primary></indexterm><para>The tests are public methods that are named <literal>test*</literal>.</para><para><indexterm><primary>Annotation</primary></indexterm>Alternatively, you can use the <literal>@test</literal> annotation in a method's docblock to mark it as a test method.</para></listitem>
    <listitem><para>Inside the test methods, assertion methods such as <literal>assertEquals()</literal> (see <xref linkend="appendixes.assertions" />) are used to assert that an actual value matches an expected value.</para></listitem>
  </orderedlist>

  <example id="writing-tests-for-phpunit.examples.StackTest.php">
    <title>Testing array operations with PHPUnit</title>
    <programlisting><![CDATA[<?php
class StackTest extends PHPUnit_Framework_TestCase
{
    public function testPushAndPop()
    {
        $stack = array();
        $this->assertEquals(0, count($stack));

        array_push($stack, 'foo');
        $this->assertEquals('foo', $stack[count($stack)-1]);
        $this->assertEquals(1, count($stack));

        $this->assertEquals('foo', array_pop($stack));
        $this->assertEquals(0, count($stack));
    }
}
?>]]></programlisting>
  </example>

  <blockquote>
    <attribution>Martin Fowler</attribution>
    <para>
      Whenever you are tempted to type something into a
      <literal>print</literal> statement or a debugger expression, write it
      as a test instead.
    </para>
  </blockquote>

  <section id="writing-tests-for-phpunit.test-dependencies">
    <title>Test Dependencies</title>

    <blockquote>
      <attribution>Adrian Kuhn et. al.</attribution>
      <para>
        Unit Tests are primarily written as a good practice to help developers
        identify and fix bugs, to refactor code and to serve as documentation
        for a unit of software under test. To achieve these benefits, unit tests
        ideally should cover all the possible paths in a program. One unit test
        usually covers one specific path in one function or method. However a
        test method is not necessary an encapsulated, independent entity. Often
        there are implicit dependencies between test methods, hidden in the
        implementation scenario of a test.
      </para>
    </blockquote>

    <para>
      <indexterm><primary>Test Dependencies</primary></indexterm>

      PHPUnit supports the declaration of explicit dependencies between test
      methods. Such dependencies do not define the order in which the test
      methods are to be executed but they allow the returning of an instance of
      the test fixture by a producer and passing it to the dependent consumers.
    </para>

    <itemizedlist>
      <listitem><para>A producer is a test method that yields its unit under test as return value.</para></listitem>
      <listitem><para>A consumer is a test method that depends on one or more producers and their return values.</para></listitem>
    </itemizedlist>

    <para>
      <indexterm><primary>Annotation</primary></indexterm>
      <indexterm><primary>@depends</primary></indexterm>

      <xref linkend="writing-tests-for-phpunit.examples.StackTest2.php" /> shows
      how to use the <literal>@depends</literal> annotation to express
      dependencies between test methods.
    </para>

    <example id="writing-tests-for-phpunit.examples.StackTest2.php">
      <title>Using the <literal>@depends</literal> annotation to express dependencies</title>
      <programlisting><![CDATA[<?php
class StackTest extends PHPUnit_Framework_TestCase
{
    public function testEmpty()
    {
        $stack = array();
        $this->assertEmpty($stack);

        return $stack;
    }

    /**
     * @depends testEmpty
     */
    public function testPush(array $stack)
    {
        array_push($stack, 'foo');
        $this->assertEquals('foo', $stack[count($stack)-1]);
        $this->assertNotEmpty($stack);

        return $stack;
    }

    /**
     * @depends testPush
     */
    public function testPop(array $stack)
    {
        $this->assertEquals('foo', array_pop($stack));
        $this->assertEmpty($stack);
    }
}
?>]]></programlisting>
    </example>

    <para>
      In the example above, the first test, <literal>testEmpty()</literal>,
      creates a new array and asserts that it is empty. The test then returns
      the fixture as its result. The second test, <literal>testPush()</literal>,
      depends on <literal>testEmpty()</literal> and is passed the result of that
      depended-upon test as its argument. Finally, <literal>testPop()</literal>
      depends upon <literal>testPush()</literal>.
    </para>

    <para>
      <indexterm><primary>Defect Localization</primary></indexterm>

      To quickly localize defects, we want our attention to be focussed on
      relevant failing tests. This is why PHPUnit skips the execution of a test
      when a depended-upon test has failed. This improves defect localization by
      exploiting the dependencies between tests as shown in
      <xref linkend="writing-tests-for-phpunit.examples.DependencyFailureTest.php" />.
    </para>

    <example id="writing-tests-for-phpunit.examples.DependencyFailureTest.php">
      <title>Exploiting the dependencies between tests</title>
      <programlisting><![CDATA[<?php
class DependencyFailureTest extends PHPUnit_Framework_TestCase
{
    public function testOne()
    {
        $this->assertTrue(FALSE);
    }

    /**
     * @depends testOne
     */
    public function testTwo()
    {
    }
}
?>]]></programlisting>

      <screen><userinput>phpunit --verbose DependencyFailureTest</userinput><![CDATA[
PHPUnit 4.0.0 by Sebastian Bergmann.

FS

Time: 0 seconds, Memory: 5.00Mb

There was 1 failure:

1) DependencyFailureTest::testOne
Failed asserting that false is true.

/home/sb/DependencyFailureTest.php:6

There was 1 skipped test:

1) DependencyFailureTest::testTwo
This test depends on "DependencyFailureTest::testOne" to pass.


FAILURES!
Tests: 1, Assertions: 1, Failures: 1, Skipped: 1.]]></screen>
    </example>

    <para>
      A test may have more than one <literal>@depends</literal> annotation.
      PHPUnit does not change the order in which tests are executed, you have to
      ensure that the dependencies of a test can actually be met before the test
      is run.
    </para>
    
    <para>
      A test that has more than one <literal>@depends</literal> annotation
      will get a fixture from the first producer as the first argument, a fixture
      from the second producer as the second argument, and so on.
      See <xref linkend="writing-tests-for-phpunit.examples.MultipleDependencies.php" />
    </para>

    <example id="writing-tests-for-phpunit.examples.MultipleDependencies.php">
      <title>Test with multiple dependencies</title>
      <programlisting><![CDATA[<?php
class MultipleDependenciesTest extends PHPUnit_Framework_TestCase
{
    public function testProducerFirst()
    {
        $this->assertTrue(true);
        return 'first';
    }

    public function testProducerSecond()
    {
        $this->assertTrue(true);
        return 'second';
    }

    /**
     * @depends testProducerFirst
     * @depends testProducerSecond
     */
    public function testConsumer()
    {
        $this->assertEquals(
            array('first', 'second'),
            func_get_args()
        );
    }
}
?>]]></programlisting>

      <screen><userinput>phpunit --verbose MultipleDependenciesTest</userinput><![CDATA[
PHPUnit 4.0.0 by Sebastian Bergmann.

...

Time: 0 seconds, Memory: 3.25Mb

OK (3 tests, 3 assertions)]]></screen>
    </example>
  </section>

  <section id="writing-tests-for-phpunit.data-providers">
    <title>Data Providers</title>

    <para>
      <indexterm><primary>Annotation</primary></indexterm>
      <indexterm><primary>@dataProvider</primary></indexterm>
      A test method can accept arbitrary arguments. These arguments are to be
      provided by a data provider method (<literal>provider()</literal> in
      <xref linkend="writing-tests-for-phpunit.data-providers.examples.DataTest.php" />).
      The data provider method to be used is specified using the
      <literal>@dataProvider</literal> annotation.
    </para>

    <para>
      A data provider method must be <literal>public</literal> and either return
      an array of arrays or an object that implements the <literal>Iterator</literal>
      interface and yields an array for each iteration step. For each array that
      is part of the collection the test method will be called with the contents
      of the array as its arguments.
    </para>

    <example id="writing-tests-for-phpunit.data-providers.examples.DataTest.php">
      <title>Using a data provider that returns an array of arrays</title>
      <programlisting><![CDATA[<?php
class DataTest extends PHPUnit_Framework_TestCase
{
    /**
     * @dataProvider additionProvider
     */
    public function testAdd($a, $b, $expected)
    {
        $this->assertEquals($expected, $a + $b);
    }

    public function additionProvider()
    {
        return array(
          array(0, 0, 0),
          array(0, 1, 1),
          array(1, 0, 1),
          array(1, 1, 3)
        );
    }
}
?>]]></programlisting>

    <screen><userinput>phpunit DataTest</userinput><![CDATA[
PHPUnit 4.0.0 by Sebastian Bergmann.

...F

Time: 0 seconds, Memory: 5.75Mb

There was 1 failure:

1) DataTest::testAdd with data set #3 (1, 1, 3)
Failed asserting that 2 matches expected 3.

/home/sb/DataTest.php:9

FAILURES!
Tests: 4, Assertions: 4, Failures: 1.]]></screen>
    </example>

    <example id="writing-tests-for-phpunit.data-providers.examples.DataTest2.php">
      <title>Using a data provider that returns an Iterator object</title>
      <programlisting><![CDATA[<?php
require 'CsvFileIterator.php';

class DataTest extends PHPUnit_Framework_TestCase
{
    /**
     * @dataProvider additionProvider
     */
    public function testAdd($a, $b, $expected)
    {
        $this->assertEquals($expected, $a + $b);
    }

    public function additionProvider()
    {
        return new CsvFileIterator('data.csv');
    }
}
?>]]></programlisting>

    <screen><userinput>phpunit DataTest</userinput><![CDATA[
PHPUnit 4.0.0 by Sebastian Bergmann.

...F

Time: 0 seconds, Memory: 5.75Mb

There was 1 failure:

1) DataTest::testAdd with data set #3 ('1', '1', '3')
Failed asserting that 2 matches expected '3'.

/home/sb/DataTest.php:11

FAILURES!
Tests: 4, Assertions: 4, Failures: 1.]]></screen>
    </example>

    <example id="writing-tests-for-phpunit.data-providers.examples.CsvFileIterator.php">
      <title>The CsvFileIterator class</title>
      <programlisting><![CDATA[<?php
class CsvFileIterator implements Iterator {
    protected $file;
    protected $key = 0;
    protected $current;

    public function __construct($file) {
        $this->file = fopen($file, 'r');
    }

    public function __destruct() {
        fclose($this->file);
    }

    public function rewind() {
        rewind($this->file);
        $this->current = fgetcsv($this->file);
        $this->key = 0;
    }

    public function valid() {
        return !feof($this->file);
    }

    public function key() {
        return $this->key;
    }

    public function current() {
        return $this->current;
    }

    public function next() {
        $this->current = fgetcsv($this->file);
        $this->key++;
    }
}
?>]]></programlisting>
    </example>

    <para>
      <indexterm><primary>Annotation</primary></indexterm>
      <indexterm><primary>@dataProvider</primary></indexterm>
      <indexterm><primary>@depends</primary></indexterm>

      When a test receives input from both a <literal>@dataProvider</literal>
      method and from one or more tests it <literal>@depends</literal> on, the
      arguments from the data provider will come before the ones from
      depended-upon tests. The arguments from depended-upon tests will be the
      same for each data set.
      See <xref linkend="writing-tests-for-phpunit.data-providers.examples.DependencyAndDataProviderCombo.php"/>
    </para>

    <example id="writing-tests-for-phpunit.data-providers.examples.DependencyAndDataProviderCombo.php">
      <title>Combination of @depends and @dataProvider in same test</title>
      <programlisting><![CDATA[<?php
class DependencyAndDataProviderComboTest extends PHPUnit_Framework_TestCase
{
    public function provider()
    {
        return array(array('provider1'), array('provider2'));
    }

    public function testProducerFirst()
    {
        $this->assertTrue(true);
        return 'first';
    }

    public function testProducerSecond()
    {
        $this->assertTrue(true);
        return 'second';
    }

    /**
     * @depends testProducerFirst
     * @depends testProducerSecond
     * @dataProvider provider
     */
    public function testConsumer()
    {
        $this->assertEquals(
            array('provider1', 'first', 'second'),
            func_get_args()
        );
    }
}
?>]]></programlisting>
        <screen><userinput>phpunit --verbose DependencyAndDataProviderComboTest</userinput><![CDATA[
PHPUnit 4.0.0 by Sebastian Bergmann.

...F

Time: 0 seconds, Memory: 3.50Mb

There was 1 failure:

1) DependencyAndDataProviderComboTest::testConsumer with data set #1 ('provider2')
Failed asserting that two arrays are equal.
--- Expected
+++ Actual
@@ @@
Array (
-    0 => 'provider1'
+    0 => 'provider2'
1 => 'first'
2 => 'second'
)

/home/sb/DependencyAndDataProviderComboTest.php:31

FAILURES!
Tests: 4, Assertions: 4, Failures: 1.
]]></screen>
    </example>

    <note>
      <para>
        <indexterm><primary>Annotation</primary></indexterm>
        <indexterm><primary>@dataProvider</primary></indexterm>
        <indexterm><primary>@depends</primary></indexterm>

        When a test depends on a test that uses data providers, the depending
        test will be executed when the test it depends upon is successful for at
        least one data set. The result of a test that uses data providers cannot
        be injected into a depending test.
      </para>
    </note>

    <note>
      <para>
        <indexterm><primary>Annotation</primary></indexterm>
        <indexterm><primary>@dataProvider</primary></indexterm>
        <indexterm><primary>@depends</primary></indexterm>

        All data providers are executed before both the call to the <literal>setUpBeforeClass</literal>
        static method and the first call to the <literal>setUp</literal> method.
        Because of that you can't access any variables you create there from
        within a data provider. This is required in order for PHPUnit to be able
        to compute the total number of tests.
      </para>
    </note>
  </section>

  <section id="writing-tests-for-phpunit.exceptions">
    <title>Testing Exceptions</title>

    <para>
      <indexterm><primary>Annotation</primary></indexterm>
      <indexterm><primary>@expectedException</primary></indexterm>

      <xref linkend="writing-tests-for-phpunit.exceptions.examples.ExceptionTest.php" />
      shows how to use the <literal>@expectedException</literal> annotation to
      test whether an exception is thrown inside the tested code.
    </para>

    <example id="writing-tests-for-phpunit.exceptions.examples.ExceptionTest.php">
      <title>Using the @expectedException annotation</title>
      <programlisting><![CDATA[<?php
class ExceptionTest extends PHPUnit_Framework_TestCase
{
    /**
     * @expectedException InvalidArgumentException
     */
    public function testException()
    {
    }
}
?>]]></programlisting>
      <screen><userinput>phpunit ExceptionTest</userinput>
PHPUnit 4.0.0 by Sebastian Bergmann.

F

Time: 0 seconds, Memory: 4.75Mb

There was 1 failure:

1) ExceptionTest::testException
Expected exception InvalidArgumentException


FAILURES!
Tests: 1, Assertions: 1, Failures: 1.</screen>
    </example>

    <para>
      <indexterm><primary>Annotation</primary></indexterm>
      <indexterm><primary>@expectedException</primary></indexterm>
      <indexterm><primary>@expectedExceptionMessage</primary></indexterm>
      <indexterm><primary>@expectedExceptionCode</primary></indexterm>

      Additionally, you can use <literal>@expectedExceptionMessage</literal>
      and <literal>@expectedExceptionCode</literal> in combination with
      <literal>@expectedException</literal> to test the exception message and
      exception code as shown in
      <xref linkend="writing-tests-for-phpunit.exceptions.examples.ExceptionTest2.php" />.
    </para>

    <example id="writing-tests-for-phpunit.exceptions.examples.ExceptionTest2.php">
      <title>Using the @expectedExceptionMessage and @expectedExceptionCode annotations</title>
      <programlisting><![CDATA[<?php
class ExceptionTest extends PHPUnit_Framework_TestCase
{
    /**
     * @expectedException        InvalidArgumentException
     * @expectedExceptionMessage Right Message
     */
    public function testExceptionHasRightMessage()
    {
        throw new InvalidArgumentException('Some Message', 10);
    }

    /**
     * @expectedException     InvalidArgumentException
     * @expectedExceptionCode 20
     */
    public function testExceptionHasRightCode()
    {
        throw new InvalidArgumentException('Some Message', 10);
    }
}
?>]]></programlisting>
      <screen><userinput>phpunit ExceptionTest</userinput><![CDATA[
PHPUnit 4.0.0 by Sebastian Bergmann.

FF

Time: 0 seconds, Memory: 3.00Mb

There were 2 failures:

1) ExceptionTest::testExceptionHasRightMessage
Failed asserting that exception message 'Some Message' contains 'Right Message'.


2) ExceptionTest::testExceptionHasRightCode
Failed asserting that expected exception code 20 is equal to 10.


FAILURES!
Tests: 2, Assertions: 4, Failures: 2.]]></screen>
    </example>

    <para>
      More examples of <literal>@expectedExceptionMessage</literal> and <literal>@expectedExceptionCode</literal>
      are shown in <xref linkend="appendixes.annotations.expectedExceptionMessage"/> and
      <xref linkend="appendixes.annotations.expectedExceptionCode"/> respectively.
    </para>


    <para>
      Alternatively, you can use the <literal>setExpectedException()</literal>
      method to set the expected exception as shown in <xref linkend="writing-tests-for-phpunit.exceptions.examples.ExceptionTest3.php" />.
    </para>

    <example id="writing-tests-for-phpunit.exceptions.examples.ExceptionTest3.php">
      <title>Expecting an exception to be raised by the tested code</title>
      <programlisting><![CDATA[<?php
class ExceptionTest extends PHPUnit_Framework_TestCase
{
    public function testException()
    {
        $this->setExpectedException('InvalidArgumentException');
    }

    public function testExceptionHasRightMessage()
    {
        $this->setExpectedException(
          'InvalidArgumentException', 'Right Message'
        );
        throw new InvalidArgumentException('Some Message', 10);
    }

    public function testExceptionHasRightCode()
    {
        $this->setExpectedException(
          'InvalidArgumentException', 'Right Message', 20
        );
        throw new InvalidArgumentException('The Right Message', 10);
    }
}?>]]></programlisting>
      <screen><userinput>phpunit ExceptionTest</userinput><![CDATA[
PHPUnit 4.0.0 by Sebastian Bergmann.

FFF

Time: 0 seconds, Memory: 3.00Mb

There were 3 failures:

1) ExceptionTest::testException
Expected exception InvalidArgumentException


2) ExceptionTest::testExceptionHasRightMessage
Failed asserting that exception message 'Some Message' contains 'Right Message'.


3) ExceptionTest::testExceptionHasRightCode
Failed asserting that expected exception code 20 is equal to 10.


FAILURES!
Tests: 3, Assertions: 6, Failures: 3.]]></screen>
    </example>

    <para>
      <xref linkend="writing-tests-for-phpunit.exceptions.tables.api" />
      shows the methods provided for testing exceptions.
    </para>

    <table id="writing-tests-for-phpunit.exceptions.tables.api">
      <title>Methods for testing exceptions</title>

      <tgroup cols="2" align="left" colsep="1" rowsep="1">
        <thead>
          <row>
            <entry>Method</entry>
            <entry>Meaning</entry>
          </row>
        </thead>
        <tbody>
          <row>
            <entry><literal>void setExpectedException(string $exceptionName[, string $exceptionMessage = '', integer $exceptionCode = NULL])</literal></entry>
            <entry>Set the expected <literal>$exceptionName</literal>, <literal>$exceptionMessage</literal>, and <literal>$exceptionCode</literal>.</entry>
          </row>
          <row>
            <entry><literal>String getExpectedException()</literal></entry>
            <entry>Return the name of the expected exception.</entry>
          </row>
        </tbody>
      </tgroup>
    </table>

    <para>
      You can also use the approach shown in
      <xref linkend="writing-tests-for-phpunit.exceptions.examples.ExceptionTest4.php" />
      to test exceptions.
    </para>

    <example id="writing-tests-for-phpunit.exceptions.examples.ExceptionTest4.php">
      <title>Alternative approach to testing exceptions</title>
      <programlisting><![CDATA[<?php
class ExceptionTest extends PHPUnit_Framework_TestCase {
    public function testException() {
        try {
            // ... Code that is expected to raise an exception ...
        }

        catch (InvalidArgumentException $expected) {
            return;
        }

        $this->fail('An expected exception has not been raised.');
    }
}
?>]]></programlisting>
    </example>

    <para>
      If the code that is expected to raise an exception in <xref
      linkend="writing-tests-for-phpunit.exceptions.examples.ExceptionTest4.php" />
      does not raise the expected exception, the subsequent call to
      <literal>fail()</literal> will halt the test and signal a problem with the
      test. If the expected exception is raised, the <literal>catch</literal>
      block will be executed, and the test will end successfully.
    </para>
  </section>

  <section id="writing-tests-for-phpunit.errors">
    <title>Testing PHP Errors</title>
    <para>
      <indexterm><primary>Error Handler</primary></indexterm>
      <indexterm><primary>PHP Error</primary></indexterm>
      <indexterm><primary>PHP Notice</primary></indexterm>
      <indexterm><primary>PHP Warning</primary></indexterm>
      <indexterm><primary>PHPUnit_Framework_Error</primary></indexterm>

      By default, PHPUnit converts PHP errors, warnings, and notices that are
      triggered during the execution of a test to an exception. Using these
      exceptions, you can, for instance, expect a test to trigger a PHP error as
      shown in <xref linkend="writing-tests-for-phpunit.exceptions.examples.ErrorTest.php" />.
    </para>

    <note>
      <para>
        PHP's <literal>error_reporting</literal> runtime configuration can
        limit which errors PHPUnit will convert to exceptions. If you are
        having issues with this feature, be sure PHP is not configured to
        suppress the type of errors you're testing.
      </para>
    </note>

    <example id="writing-tests-for-phpunit.exceptions.examples.ErrorTest.php">
      <title>Expecting a PHP error using @expectedException</title>
      <programlisting><![CDATA[<?php
class ExpectedErrorTest extends PHPUnit_Framework_TestCase
{
    /**
     * @expectedException PHPUnit_Framework_Error
     */
    public function testFailingInclude()
    {
        include 'not_existing_file.php';
    }
}
?>]]></programlisting>
      <screen><userinput>phpunit -d error_reporting=2 ExpectedErrorTest</userinput>
PHPUnit 4.0.0 by Sebastian Bergmann.

.

Time: 0 seconds, Memory: 5.25Mb

OK (1 test, 1 assertion)</screen>
    </example>

    <para>
      <indexterm><primary>PHPUnit_Framework_Error_Notice</primary></indexterm>
      <indexterm><primary>PHPUnit_Framework_Error_Warning</primary></indexterm>

      <literal>PHPUnit_Framework_Error_Notice</literal> and
      <literal>PHPUnit_Framework_Error_Warning</literal> represent PHP notices
      and warnings, respectively.
    </para>

    <note>
      <para>
        You should be as specific as possible when testing exceptions. Testing
        for classes that are too generic might lead to undesirable
        side-effects. Accordingly, testing for the <literal>Exception</literal>
        class with <literal>@expectedException</literal> or
        <literal>setExpectedException()</literal> is no longer permitted.
      </para>
    </note>

    <para>
        When testing that relies on php functions that trigger errors like 
        <literal>fopen</literal> it can sometimes be useful to use error
        suppression while testing. This allows you to check the return values by
        suppressing notices that would lead to a phpunit 
        <literal>PHPUnit_Framework_Error_Notice</literal>.
        <example id="writing-tests-for-phpunit.exceptions.examples.TriggerErrorReturnValue.php">

            <title>Testing return values of code that uses PHP Errors</title>
            <programlisting><![CDATA[<?php
class ErrorSuppressionTest extends PHPUnit_Framework_TestCase
{
    public function testFileWriting() {
        $writer = new FileWriter;
        $this->assertFalse(@$writer->write('/is-not-writeable/file', 'stuff'));
    }
}
class FileWriter
{
    public function write($file, $content) {
        $file = fopen($file, 'w');
        if($file == false) {
            return false;
        }
        // ...
    }
}

?>]]></programlisting>
      <screen><userinput>phpunit ErrorSuppressionTest</userinput>
PHPUnit 4.0.0 by Sebastian Bergmann.

.

Time: 1 seconds, Memory: 5.25Mb

OK (1 test, 1 assertion)</screen>
        </example>
    Without the error suppression the test would fail reporting
    <literal>fopen(/is-not-writeable/file): failed to open stream:
    No such file or directory</literal>.

    </para>
  </section>

  <section id="writing-tests-for-phpunit.output">
    <title>Testing Output</title>

    <para>
      Sometimes you want to assert that the execution of a method, for
      instance, generates an expected output (via <literal>echo</literal> or
      <literal>print</literal>, for example). The
      <literal>PHPUnit_Framework_TestCase</literal> class uses PHP's
      <ulink url="http://www.php.net/manual/en/ref.outcontrol.php">Output
      Buffering</ulink> feature to provide the functionality that is
      necessary for this.
    </para>

    <para>
      <xref linkend="writing-tests-for-phpunit.output.examples.OutputTest.php" />
      shows how to use the <literal>expectOutputString()</literal> method to
      set the expected output. If this expected output is not generated, the
      test will be counted as a failure.
    </para>

    <example id="writing-tests-for-phpunit.output.examples.OutputTest.php">
      <title>Testing the output of a function or method</title>
      <programlisting><![CDATA[<?php
class OutputTest extends PHPUnit_Framework_TestCase
{
    public function testExpectFooActualFoo()
    {
        $this->expectOutputString('foo');
        print 'foo';
    }

    public function testExpectBarActualBaz()
    {
        $this->expectOutputString('bar');
        print 'baz';
    }
}
?>]]></programlisting>
      <screen><userinput>phpunit OutputTest</userinput>
PHPUnit 4.0.0 by Sebastian Bergmann.

.F

Time: 0 seconds, Memory: 5.75Mb

There was 1 failure:

1) OutputTest::testExpectBarActualBaz
Failed asserting that two strings are equal.
--- Expected
+++ Actual
@@ @@
-'bar'
+'baz'


FAILURES!
Tests: 2, Assertions: 2, Failures: 1.</screen>
    </example>

    <para>
      <xref linkend="writing-tests-for-phpunit.output.tables.api" />
      shows the methods provided for testing output
    </para>

    <table id="writing-tests-for-phpunit.output.tables.api">
      <title>Methods for testing output</title>

      <tgroup cols="2" align="left" colsep="1" rowsep="1">
        <thead>
          <row>
            <entry>Method</entry>
            <entry>Meaning</entry>
          </row>
        </thead>
        <tbody>
          <row>
            <entry><literal>void expectOutputRegex(string $regularExpression)</literal></entry>
            <entry>Set up the expectation that the output matches a <literal>$regularExpression</literal>.</entry>
          </row>
          <row>
            <entry><literal>void expectOutputString(string $expectedString)</literal></entry>
            <entry>Set up the expectation that the output is equal to an <literal>$expectedString</literal>.</entry>
          </row>
          <row>
            <entry><literal>bool setOutputCallback(callable $callback)</literal></entry>
            <entry>Sets up a callback that is used to, for instance, normalize the actual output.</entry>
          </row>
        </tbody>
      </tgroup>
    </table>

    <note>
      <para>
        A test that emits output will fail in strict mode.
      </para>
    </note>
  </section>

  <section id="writing-tests-for-phpunit.error-output">
    <title>Error output</title>

    <para>
      Whenever a test fails PHPUnit tries its best to provide you with as much
      context as possible that can help to identify the problem.
    </para>

    <example id="writing-tests-for-phpunit.error-output.examples.ArrayDiffTest.php">
      <title>Error output generated when an array comparison fails</title>
      <programlisting><![CDATA[<?php
class ArrayDiffTest extends PHPUnit_Framework_TestCase
{
    public function testEquality() {
        $this->assertEquals(
            array(1,2,3 ,4,5,6),
            array(1,2,33,4,5,6)
        );
    }
}
?>]]></programlisting>
      <screen><userinput>phpunit ArrayDiffTest</userinput><![CDATA[
PHPUnit 4.0.0 by Sebastian Bergmann.

F

Time: 0 seconds, Memory: 5.25Mb

There was 1 failure:

1) ArrayDiffTest::testEquality
Failed asserting that two arrays are equal.
--- Expected
+++ Actual
@@ @@
 Array (
     0 => 1
     1 => 2
-    2 => 3
+    2 => 33
     3 => 4
     4 => 5
     5 => 6
 )

/home/sb/ArrayDiffTest.php:7

FAILURES!
Tests: 1, Assertions: 1, Failures: 1.]]></screen>
    </example>
    <para>
      In this example only one of the array values differs and the other values
      are shown to provide context on where the error occurred.
    </para>

    <para>
      When the generated output would be long to read PHPUnit will split it up
      and provide a few lines of context around every difference.
    </para>
    <example id="writing-tests-for-phpunit.error-output.examples.LongArrayDiffTest.php">
      <title>Error output when an array comparison of an long array fails</title>
      <programlisting><![CDATA[<?php
class LongArrayDiffTest extends PHPUnit_Framework_TestCase
{
    public function testEquality() {
        $this->assertEquals(
            array(0,0,0,0,0,0,0,0,0,0,0,0,1,2,3 ,4,5,6),
            array(0,0,0,0,0,0,0,0,0,0,0,0,1,2,33,4,5,6)
        );
    }
}
?>]]></programlisting>
      <screen><userinput>phpunit LongArrayDiffTest</userinput><![CDATA[
PHPUnit 4.0.0 by Sebastian Bergmann.

F

Time: 0 seconds, Memory: 5.25Mb

There was 1 failure:

1) LongArrayDiffTest::testEquality
Failed asserting that two arrays are equal.
--- Expected
+++ Actual
@@ @@
     13 => 2
-    14 => 3
+    14 => 33
     15 => 4
     16 => 5
     17 => 6
 )


/home/sb/LongArrayDiffTest.php:7

FAILURES!
Tests: 1, Assertions: 1, Failures: 1.]]></screen>
    </example>
    <section id="writing-tests-for-phpunit.error-output.edge-cases">
      <title>Edge cases</title>

      <para>
        When a comparison fails PHPUnit creates a textual representations of the
        input values and compares those. Due to that implementation a diff
        might show more problems than actually exist.
      </para>

      <para>
        This only happens when using assertEquals or other 'weak' comparison
        functions on arrays or objects.
      </para>

      <example id="writing-tests-for-phpunit.error-output.edge-cases.examples.ArrayWeakComparisonTest.php">
        <title>Edge case in the diff generation when using weak comparison</title>
        <programlisting><![CDATA[<?php
class ArrayWeakComparisonTest extends PHPUnit_Framework_TestCase
{
    public function testEquality() {
        $this->assertEquals(
            array(1  ,2,3 ,4,5,6),
            array('1',2,33,4,5,6)
        );
    }
}
?>]]></programlisting>
        <screen><userinput>phpunit ArrayWeakComparisonTest</userinput><![CDATA[
PHPUnit 4.0.0 by Sebastian Bergmann.

F

Time: 0 seconds, Memory: 5.25Mb

There was 1 failure:

1) ArrayWeakComparisonTest::testEquality
Failed asserting that two arrays are equal.
--- Expected
+++ Actual
@@ @@
 Array (
-    0 => 1
+    0 => '1'
     1 => 2
-    2 => 3
+    2 => 33
     3 => 4
     4 => 5
     5 => 6
 )


/home/sb/ArrayWeakComparisonTest.php:7

FAILURES!
Tests: 1, Assertions: 1, Failures: 1.]]></screen>

      </example>
      <para>
        In this example the difference in the first index between
        <literal>1</literal> and <literal>'1'</literal> is
        reported even though assertEquals considers the values as a match.
      </para>

    </section>
  </section>
</chapter>
